<?xml version="1.0" encoding="UTF-8"?>
<!-- Generated by org.testng.reporters.JUnitXMLReporter -->
<testsuite hostname="Santosh" name="Test22" tests="3" failures="0" timestamp="9 Sep 2016 06:32:28 GMT" time="73.22" errors="0">
  <testcase name="NavigatetoAddStudents" time="20.94" classname="Testcases.AddStudentTest"/>
  <testcase name="CheckValidationsEmptyFields" time="46.844" classname="Testcases.AddStudentTest"/>
  <testcase name="CheckValidationDuplicateStudentName" time="5.428" classname="Testcases.AddStudentTest"/>
</testsuite> <!-- Test22 -->
