<?xml version="1.0" encoding="UTF-8"?>
<!-- Generated by org.testng.reporters.JUnitXMLReporter -->
<testsuite hostname="Santosh" name="Test" tests="4" failures="1" timestamp="12 Sep 2016 09:04:18 GMT" time="69.183" errors="0">
  <testcase name="NavigateToEditStudent" time="34.303" classname="Testcases.EditStudentTest"/>
  <testcase name="CheckValidationsForEmptyFields" time="3.567" classname="Testcases.EditStudentTest"/>
  <testcase name="UpdateSelectedUser" time="6.518" classname="Testcases.EditStudentTest"/>
  <testcase name="CheckAdministrationCheckbox" time="24.306" classname="Testcases.EditStudentTest">
    <failure type="java.lang.AssertionError" message="Selected student not have administration access">
      <![CDATA[java.lang.AssertionError: Selected student not have administration access
	at org.junit.Assert.fail(Assert.java:88)
	at org.junit.Assert.assertTrue(Assert.java:41)
	at Testcases.EditStudentTest.CheckAdministrationCheckbox(EditStudentTest.java:193)
... Removed 24 stack frames]]>
    </failure>
  </testcase> <!-- CheckAdministrationCheckbox -->
</testsuite> <!-- Test -->
