<?xml version="1.0" encoding="UTF-8"?>
<testng-results skipped="0" failed="0" total="54" passed="54">
  <reporter-output>
  </reporter-output>
  <suite name="Smoke" duration-ms="1347695" started-at="2016-11-02T04:20:19Z" finished-at="2016-11-02T04:42:47Z">
    <groups>
    </groups>
    <test name=" Execute retest test cases" duration-ms="227551" started-at="2016-11-02T04:20:19Z" finished-at="2016-11-02T04:24:07Z">
      <class name="Testcases.GroupselectTest">
        <test-method status="PASS" signature="configure()[pri:0, instance:Testcases.GroupselectTest@1f59a598]" name="configure" is-config="true" duration-ms="9" started-at="2016-11-02T09:51:00Z" finished-at="2016-11-02T09:51:00Z">
          <reporter-output>
          </reporter-output>
        </test-method> <!-- configure -->
        <test-method status="PASS" signature="Open_PerformanceGroup_A()[pri:1, instance:Testcases.GroupselectTest@1f59a598]" name="Open_PerformanceGroup_A" duration-ms="19952" started-at="2016-11-02T09:51:00Z" finished-at="2016-11-02T09:51:20Z">
          <reporter-output>
          </reporter-output>
        </test-method> <!-- Open_PerformanceGroup_A -->
        <test-method status="PASS" signature="start()[pri:0, instance:Testcases.GroupselectTest@1f59a598]" name="start" is-config="true" duration-ms="616" started-at="2016-11-02T09:51:20Z" finished-at="2016-11-02T09:51:21Z">
          <reporter-output>
          </reporter-output>
        </test-method> <!-- start -->
        <test-method status="PASS" signature="Open_PerformanceGroup_B()[pri:2, instance:Testcases.GroupselectTest@1f59a598]" name="Open_PerformanceGroup_B" duration-ms="12522" started-at="2016-11-02T09:51:21Z" finished-at="2016-11-02T09:51:33Z">
          <reporter-output>
          </reporter-output>
        </test-method> <!-- Open_PerformanceGroup_B -->
        <test-method status="PASS" signature="start()[pri:0, instance:Testcases.GroupselectTest@1f59a598]" name="start" is-config="true" duration-ms="638" started-at="2016-11-02T09:51:33Z" finished-at="2016-11-02T09:51:34Z">
          <reporter-output>
          </reporter-output>
        </test-method> <!-- start -->
        <test-method status="PASS" signature="Open_PerformanceGroup_C()[pri:3, instance:Testcases.GroupselectTest@1f59a598]" name="Open_PerformanceGroup_C" duration-ms="12893" started-at="2016-11-02T09:51:34Z" finished-at="2016-11-02T09:51:47Z">
          <reporter-output>
          </reporter-output>
        </test-method> <!-- Open_PerformanceGroup_C -->
        <test-method status="PASS" signature="start()[pri:0, instance:Testcases.GroupselectTest@1f59a598]" name="start" is-config="true" duration-ms="709" started-at="2016-11-02T09:51:47Z" finished-at="2016-11-02T09:51:47Z">
          <reporter-output>
          </reporter-output>
        </test-method> <!-- start -->
      </class> <!-- Testcases.GroupselectTest -->
      <class name="Testcases.LoginTest">
        <test-method status="PASS" signature="configure()[pri:0, instance:Testcases.LoginTest@7ee8290b]" name="configure" is-config="true" duration-ms="38" started-at="2016-11-02T09:50:19Z" finished-at="2016-11-02T09:50:19Z">
          <reporter-output>
          </reporter-output>
        </test-method> <!-- configure -->
        <test-method status="PASS" signature="ValidLoginToSonosm()[pri:1, instance:Testcases.LoginTest@7ee8290b]" name="ValidLoginToSonosm" duration-ms="25317" started-at="2016-11-02T09:50:19Z" finished-at="2016-11-02T09:50:45Z">
          <reporter-output>
          </reporter-output>
        </test-method> <!-- ValidLoginToSonosm -->
        <test-method status="PASS" signature="startlogin()[pri:0, instance:Testcases.LoginTest@7ee8290b]" name="startlogin" is-config="true" duration-ms="0" started-at="2016-11-02T09:50:19Z" finished-at="2016-11-02T09:50:19Z">
          <reporter-output>
          </reporter-output>
        </test-method> <!-- startlogin -->
        <test-method status="PASS" signature="startlogin()[pri:0, instance:Testcases.LoginTest@7ee8290b]" name="startlogin" is-config="true" duration-ms="1" started-at="2016-11-02T09:50:45Z" finished-at="2016-11-02T09:50:45Z">
          <reporter-output>
          </reporter-output>
        </test-method> <!-- startlogin -->
        <test-method status="PASS" signature="InvalidloginToSonosim()[pri:2, instance:Testcases.LoginTest@7ee8290b]" name="InvalidloginToSonosim" duration-ms="15536" started-at="2016-11-02T09:50:45Z" finished-at="2016-11-02T09:51:00Z">
          <reporter-output>
          </reporter-output>
        </test-method> <!-- InvalidloginToSonosim -->
      </class> <!-- Testcases.LoginTest -->
      <class name="Testcases.HomeTest">
        <test-method status="PASS" signature="configure()[pri:0, instance:Testcases.HomeTest@1e178745]" name="configure" is-config="true" duration-ms="4" started-at="2016-11-02T09:51:47Z" finished-at="2016-11-02T09:51:47Z">
          <reporter-output>
          </reporter-output>
        </test-method> <!-- configure -->
        <test-method status="PASS" signature="waiting()[pri:0, instance:Testcases.HomeTest@1e178745]" name="waiting" is-config="true" duration-ms="5116" started-at="2016-11-02T09:51:47Z" finished-at="2016-11-02T09:51:53Z">
          <reporter-output>
          </reporter-output>
        </test-method> <!-- waiting -->
        <test-method status="PASS" signature="OpenRadialView()[pri:1, instance:Testcases.HomeTest@1e178745]" name="OpenRadialView" duration-ms="30877" started-at="2016-11-02T09:51:53Z" finished-at="2016-11-02T09:52:23Z">
          <reporter-output>
          </reporter-output>
        </test-method> <!-- OpenRadialView -->
        <test-method status="PASS" signature="Start()[pri:0, instance:Testcases.HomeTest@1e178745]" name="Start" is-config="true" duration-ms="244" started-at="2016-11-02T09:52:23Z" finished-at="2016-11-02T09:52:24Z">
          <reporter-output>
          </reporter-output>
        </test-method> <!-- Start -->
        <test-method status="PASS" signature="waiting()[pri:0, instance:Testcases.HomeTest@1e178745]" name="waiting" is-config="true" duration-ms="3686" started-at="2016-11-02T09:52:24Z" finished-at="2016-11-02T09:52:27Z">
          <reporter-output>
          </reporter-output>
        </test-method> <!-- waiting -->
        <test-method status="PASS" signature="OpenTableView()[pri:2, instance:Testcases.HomeTest@1e178745]" name="OpenTableView" duration-ms="8105" started-at="2016-11-02T09:52:27Z" finished-at="2016-11-02T09:52:35Z">
          <reporter-output>
          </reporter-output>
        </test-method> <!-- OpenTableView -->
        <test-method status="PASS" signature="Start()[pri:0, instance:Testcases.HomeTest@1e178745]" name="Start" is-config="true" duration-ms="832" started-at="2016-11-02T09:52:35Z" finished-at="2016-11-02T09:52:36Z">
          <reporter-output>
          </reporter-output>
        </test-method> <!-- Start -->
        <test-method status="PASS" signature="waiting()[pri:0, instance:Testcases.HomeTest@1e178745]" name="waiting" is-config="true" duration-ms="4370" started-at="2016-11-02T09:52:36Z" finished-at="2016-11-02T09:52:41Z">
          <reporter-output>
          </reporter-output>
        </test-method> <!-- waiting -->
        <test-method status="PASS" signature="OpenReportPage()[pri:3, instance:Testcases.HomeTest@1e178745]" name="OpenReportPage" duration-ms="5980" started-at="2016-11-02T09:52:41Z" finished-at="2016-11-02T09:52:47Z">
          <reporter-output>
          </reporter-output>
        </test-method> <!-- OpenReportPage -->
        <test-method status="PASS" signature="Start()[pri:0, instance:Testcases.HomeTest@1e178745]" name="Start" is-config="true" duration-ms="316" started-at="2016-11-02T09:52:47Z" finished-at="2016-11-02T09:52:47Z">
          <reporter-output>
          </reporter-output>
        </test-method> <!-- Start -->
        <test-method status="PASS" signature="waiting()[pri:0, instance:Testcases.HomeTest@1e178745]" name="waiting" is-config="true" duration-ms="3952" started-at="2016-11-02T09:52:47Z" finished-at="2016-11-02T09:52:51Z">
          <reporter-output>
          </reporter-output>
        </test-method> <!-- waiting -->
        <test-method status="PASS" signature="OpenAdminPage()[pri:4, instance:Testcases.HomeTest@1e178745]" name="OpenAdminPage" duration-ms="6346" started-at="2016-11-02T09:52:51Z" finished-at="2016-11-02T09:52:57Z">
          <reporter-output>
          </reporter-output>
        </test-method> <!-- OpenAdminPage -->
        <test-method status="PASS" signature="Start()[pri:0, instance:Testcases.HomeTest@1e178745]" name="Start" is-config="true" duration-ms="453" started-at="2016-11-02T09:52:57Z" finished-at="2016-11-02T09:52:58Z">
          <reporter-output>
          </reporter-output>
        </test-method> <!-- Start -->
        <test-method status="PASS" signature="waiting()[pri:0, instance:Testcases.HomeTest@1e178745]" name="waiting" is-config="true" duration-ms="3616" started-at="2016-11-02T09:52:58Z" finished-at="2016-11-02T09:53:01Z">
          <reporter-output>
          </reporter-output>
        </test-method> <!-- waiting -->
        <test-method status="PASS" signature="Opengroupselctpage()[pri:5, instance:Testcases.HomeTest@1e178745]" name="Opengroupselctpage" duration-ms="6778" started-at="2016-11-02T09:53:01Z" finished-at="2016-11-02T09:53:08Z">
          <reporter-output>
          </reporter-output>
        </test-method> <!-- Opengroupselctpage -->
        <test-method status="PASS" signature="Start()[pri:0, instance:Testcases.HomeTest@1e178745]" name="Start" is-config="true" duration-ms="266" started-at="2016-11-02T09:53:08Z" finished-at="2016-11-02T09:53:08Z">
          <reporter-output>
          </reporter-output>
        </test-method> <!-- Start -->
        <test-method status="PASS" signature="waiting()[pri:0, instance:Testcases.HomeTest@1e178745]" name="waiting" is-config="true" duration-ms="4146" started-at="2016-11-02T09:53:08Z" finished-at="2016-11-02T09:53:12Z">
          <reporter-output>
          </reporter-output>
        </test-method> <!-- waiting -->
        <test-method status="PASS" signature="open_homepage_fromdropdown()[pri:6, instance:Testcases.HomeTest@1e178745]" name="open_homepage_fromdropdown" duration-ms="6716" started-at="2016-11-02T09:53:12Z" finished-at="2016-11-02T09:53:19Z">
          <reporter-output>
          </reporter-output>
        </test-method> <!-- open_homepage_fromdropdown -->
        <test-method status="PASS" signature="Start()[pri:0, instance:Testcases.HomeTest@1e178745]" name="Start" is-config="true" duration-ms="390" started-at="2016-11-02T09:53:19Z" finished-at="2016-11-02T09:53:20Z">
          <reporter-output>
          </reporter-output>
        </test-method> <!-- Start -->
        <test-method status="PASS" signature="waiting()[pri:0, instance:Testcases.HomeTest@1e178745]" name="waiting" is-config="true" duration-ms="5480" started-at="2016-11-02T09:53:20Z" finished-at="2016-11-02T09:53:25Z">
          <reporter-output>
          </reporter-output>
        </test-method> <!-- waiting -->
        <test-method status="PASS" signature="open_Administrationpage_fromdropdown()[pri:7, instance:Testcases.HomeTest@1e178745]" name="open_Administrationpage_fromdropdown" duration-ms="6855" started-at="2016-11-02T09:53:25Z" finished-at="2016-11-02T09:53:32Z">
          <reporter-output>
          </reporter-output>
        </test-method> <!-- open_Administrationpage_fromdropdown -->
        <test-method status="PASS" signature="Start()[pri:0, instance:Testcases.HomeTest@1e178745]" name="Start" is-config="true" duration-ms="315" started-at="2016-11-02T09:53:32Z" finished-at="2016-11-02T09:53:32Z">
          <reporter-output>
          </reporter-output>
        </test-method> <!-- Start -->
        <test-method status="PASS" signature="waiting()[pri:0, instance:Testcases.HomeTest@1e178745]" name="waiting" is-config="true" duration-ms="3520" started-at="2016-11-02T09:53:32Z" finished-at="2016-11-02T09:53:36Z">
          <reporter-output>
          </reporter-output>
        </test-method> <!-- waiting -->
        <test-method status="PASS" signature="open_ReportDownloadpage_fromdropdown()[pri:8, instance:Testcases.HomeTest@1e178745]" name="open_ReportDownloadpage_fromdropdown" duration-ms="6140" started-at="2016-11-02T09:53:36Z" finished-at="2016-11-02T09:53:42Z">
          <reporter-output>
          </reporter-output>
        </test-method> <!-- open_ReportDownloadpage_fromdropdown -->
        <test-method status="PASS" signature="Start()[pri:0, instance:Testcases.HomeTest@1e178745]" name="Start" is-config="true" duration-ms="295" started-at="2016-11-02T09:53:42Z" finished-at="2016-11-02T09:53:42Z">
          <reporter-output>
          </reporter-output>
        </test-method> <!-- Start -->
        <test-method status="PASS" signature="waiting()[pri:0, instance:Testcases.HomeTest@1e178745]" name="waiting" is-config="true" duration-ms="3700" started-at="2016-11-02T09:53:42Z" finished-at="2016-11-02T09:53:46Z">
          <reporter-output>
          </reporter-output>
        </test-method> <!-- waiting -->
        <test-method status="PASS" signature="Logout_link_frmdropdown()[pri:11, instance:Testcases.HomeTest@1e178745]" name="Logout_link_frmdropdown" duration-ms="13768" started-at="2016-11-02T09:53:46Z" finished-at="2016-11-02T09:54:00Z">
          <reporter-output>
          </reporter-output>
        </test-method> <!-- Logout_link_frmdropdown -->
        <test-method status="PASS" signature="Start()[pri:0, instance:Testcases.HomeTest@1e178745]" name="Start" is-config="true" duration-ms="6981" started-at="2016-11-02T09:54:00Z" finished-at="2016-11-02T09:54:07Z">
          <reporter-output>
          </reporter-output>
        </test-method> <!-- Start -->
      </class> <!-- Testcases.HomeTest -->
    </test> <!--  Execute retest test cases -->
    <test name=" Execute Radial view test cases" duration-ms="261427" started-at="2016-11-02T04:24:07Z" finished-at="2016-11-02T04:28:28Z">
      <class name="Testcases.RadialViewTest">
        <test-method status="PASS" signature="configure()[pri:0, instance:Testcases.RadialViewTest@58ea606c]" name="configure" is-config="true" duration-ms="12" started-at="2016-11-02T09:54:07Z" finished-at="2016-11-02T09:54:07Z">
          <reporter-output>
          </reporter-output>
        </test-method> <!-- configure -->
        <test-method status="PASS" signature="OpencirculerList_for_PerformtGroup_A_Student()[pri:1, instance:Testcases.RadialViewTest@58ea606c]" name="OpencirculerList_for_PerformtGroup_A_Student" duration-ms="29859" started-at="2016-11-02T09:54:07Z" finished-at="2016-11-02T09:54:37Z">
          <reporter-output>
          </reporter-output>
        </test-method> <!-- OpencirculerList_for_PerformtGroup_A_Student -->
        <test-method status="PASS" signature="OpencirculerList_for_PerformtGroup_B_Student()[pri:2, instance:Testcases.RadialViewTest@58ea606c]" name="OpencirculerList_for_PerformtGroup_B_Student" duration-ms="28631" started-at="2016-11-02T09:54:37Z" finished-at="2016-11-02T09:55:05Z">
          <reporter-output>
          </reporter-output>
        </test-method> <!-- OpencirculerList_for_PerformtGroup_B_Student -->
        <test-method status="PASS" signature="OpencirculerList_for_PerformtGroup_C_Student()[pri:3, instance:Testcases.RadialViewTest@58ea606c]" name="OpencirculerList_for_PerformtGroup_C_Student" duration-ms="34160" started-at="2016-11-02T09:55:05Z" finished-at="2016-11-02T09:55:39Z">
          <reporter-output>
          </reporter-output>
        </test-method> <!-- OpencirculerList_for_PerformtGroup_C_Student -->
        <test-method status="PASS" signature="Check_validationmessage_unselectall()[pri:4, instance:Testcases.RadialViewTest@58ea606c]" name="Check_validationmessage_unselectall" duration-ms="33008" started-at="2016-11-02T09:55:39Z" finished-at="2016-11-02T09:56:12Z">
          <reporter-output>
          </reporter-output>
        </test-method> <!-- Check_validationmessage_unselectall -->
        <test-method status="PASS" signature="check_selectAllbtn()[pri:5, instance:Testcases.RadialViewTest@58ea606c]" name="check_selectAllbtn" duration-ms="32357" started-at="2016-11-02T09:56:12Z" finished-at="2016-11-02T09:56:45Z">
          <reporter-output>
          </reporter-output>
        </test-method> <!-- check_selectAllbtn -->
        <test-method status="PASS" signature="Open_TableView_FromRadialpage()[pri:6, instance:Testcases.RadialViewTest@58ea606c]" name="Open_TableView_FromRadialpage" duration-ms="33704" started-at="2016-11-02T09:56:45Z" finished-at="2016-11-02T09:57:19Z">
          <reporter-output>
          </reporter-output>
        </test-method> <!-- Open_TableView_FromRadialpage -->
        <test-method status="PASS" signature="Close_Test()[pri:0, instance:Testcases.RadialViewTest@58ea606c]" name="Close_Test" is-config="true" duration-ms="1" started-at="2016-11-02T09:57:19Z" finished-at="2016-11-02T09:57:19Z">
          <reporter-output>
          </reporter-output>
        </test-method> <!-- Close_Test -->
      </class> <!-- Testcases.RadialViewTest -->
      <class name="Testcases.Modulespage_RadialView">
        <test-method status="PASS" signature="configure()[pri:0, instance:Testcases.Modulespage_RadialView@6f45df59]" name="configure" is-config="true" duration-ms="8" started-at="2016-11-02T09:57:19Z" finished-at="2016-11-02T09:57:19Z">
          <reporter-output>
          </reporter-output>
        </test-method> <!-- configure -->
        <test-method status="PASS" signature="Open_Modulespage_RadialView()[pri:1, instance:Testcases.Modulespage_RadialView@6f45df59]" name="Open_Modulespage_RadialView" duration-ms="29923" started-at="2016-11-02T09:57:19Z" finished-at="2016-11-02T09:57:48Z">
          <reporter-output>
          </reporter-output>
        </test-method> <!-- Open_Modulespage_RadialView -->
        <test-method status="PASS" signature="Check_validationmessage_unselectall()[pri:2, instance:Testcases.Modulespage_RadialView@6f45df59]" name="Check_validationmessage_unselectall" duration-ms="5430" started-at="2016-11-02T09:57:48Z" finished-at="2016-11-02T09:57:54Z">
          <reporter-output>
          </reporter-output>
        </test-method> <!-- Check_validationmessage_unselectall -->
        <test-method status="PASS" signature="check_selectAllbtn()[pri:3, instance:Testcases.Modulespage_RadialView@6f45df59]" name="check_selectAllbtn" duration-ms="8736" started-at="2016-11-02T09:57:54Z" finished-at="2016-11-02T09:58:03Z">
          <reporter-output>
          </reporter-output>
        </test-method> <!-- check_selectAllbtn -->
        <test-method status="PASS" signature="Open_Modulespage_ForSelectedStudent()[pri:4, instance:Testcases.Modulespage_RadialView@6f45df59]" name="Open_Modulespage_ForSelectedStudent" duration-ms="7909" started-at="2016-11-02T09:58:03Z" finished-at="2016-11-02T09:58:11Z">
          <reporter-output>
          </reporter-output>
        </test-method> <!-- Open_Modulespage_ForSelectedStudent -->
        <test-method status="PASS" signature="Open_TableView_FromModulespage()[pri:5, instance:Testcases.Modulespage_RadialView@6f45df59]" name="Open_TableView_FromModulespage" duration-ms="17684" started-at="2016-11-02T09:58:11Z" finished-at="2016-11-02T09:58:28Z">
          <reporter-output>
          </reporter-output>
        </test-method> <!-- Open_TableView_FromModulespage -->
      </class> <!-- Testcases.Modulespage_RadialView -->
    </test> <!--  Execute Radial view test cases -->
    <test name=" Execute Table view test cases" duration-ms="398412" started-at="2016-11-02T04:28:28Z" finished-at="2016-11-02T04:35:07Z">
      <class name="Testcases.Modulespage_TableView">
        <test-method status="PASS" signature="configure()[pri:0, instance:Testcases.Modulespage_TableView@5f8edcc5]" name="configure" is-config="true" duration-ms="7" started-at="2016-11-02T10:03:41Z" finished-at="2016-11-02T10:03:41Z">
          <reporter-output>
          </reporter-output>
        </test-method> <!-- configure -->
        <test-method status="PASS" signature="Open_Modulespage_TableView()[pri:1, instance:Testcases.Modulespage_TableView@5f8edcc5]" name="Open_Modulespage_TableView" duration-ms="44640" started-at="2016-11-02T10:03:41Z" finished-at="2016-11-02T10:04:25Z">
          <reporter-output>
          </reporter-output>
        </test-method> <!-- Open_Modulespage_TableView -->
        <test-method status="PASS" signature="Check_validationmessage_unselectall()[pri:2, instance:Testcases.Modulespage_TableView@5f8edcc5]" name="Check_validationmessage_unselectall" duration-ms="5657" started-at="2016-11-02T10:04:25Z" finished-at="2016-11-02T10:04:31Z">
          <reporter-output>
          </reporter-output>
        </test-method> <!-- Check_validationmessage_unselectall -->
        <test-method status="PASS" signature="check_selectAllbtn()[pri:3, instance:Testcases.Modulespage_TableView@5f8edcc5]" name="check_selectAllbtn" duration-ms="8478" started-at="2016-11-02T10:04:31Z" finished-at="2016-11-02T10:04:40Z">
          <reporter-output>
          </reporter-output>
        </test-method> <!-- check_selectAllbtn -->
        <test-method status="PASS" signature="Open_Modulespage_ForSelectedStudent()[pri:4, instance:Testcases.Modulespage_TableView@5f8edcc5]" name="Open_Modulespage_ForSelectedStudent" duration-ms="9342" started-at="2016-11-02T10:04:40Z" finished-at="2016-11-02T10:04:49Z">
          <reporter-output>
          </reporter-output>
        </test-method> <!-- Open_Modulespage_ForSelectedStudent -->
        <test-method status="PASS" signature="Open_RadialView_FromModulespage()[pri:5, instance:Testcases.Modulespage_TableView@5f8edcc5]" name="Open_RadialView_FromModulespage" duration-ms="17810" started-at="2016-11-02T10:04:49Z" finished-at="2016-11-02T10:05:07Z">
          <reporter-output>
          </reporter-output>
        </test-method> <!-- Open_RadialView_FromModulespage -->
      </class> <!-- Testcases.Modulespage_TableView -->
      <class name="Testcases.TableViewTest">
        <test-method status="PASS" signature="configure()[pri:0, instance:Testcases.TableViewTest@6db9f5a4]" name="configure" is-config="true" duration-ms="13" started-at="2016-11-02T09:58:28Z" finished-at="2016-11-02T09:58:28Z">
          <reporter-output>
          </reporter-output>
        </test-method> <!-- configure -->
        <test-method status="PASS" signature="OpenTableView_for_PerformtGroup_A_Student()[pri:1, instance:Testcases.TableViewTest@6db9f5a4]" name="OpenTableView_for_PerformtGroup_A_Student" duration-ms="49163" started-at="2016-11-02T09:58:28Z" finished-at="2016-11-02T09:59:18Z">
          <reporter-output>
          </reporter-output>
        </test-method> <!-- OpenTableView_for_PerformtGroup_A_Student -->
        <test-method status="PASS" signature="OpenTableView_for_PerformtGroup_B_Student()[pri:2, instance:Testcases.TableViewTest@6db9f5a4]" name="OpenTableView_for_PerformtGroup_B_Student" duration-ms="44561" started-at="2016-11-02T09:59:18Z" finished-at="2016-11-02T10:00:02Z">
          <reporter-output>
          </reporter-output>
        </test-method> <!-- OpenTableView_for_PerformtGroup_B_Student -->
        <test-method status="PASS" signature="OpenTableView_for_PerformtGroup_C_Student()[pri:3, instance:Testcases.TableViewTest@6db9f5a4]" name="OpenTableView_for_PerformtGroup_C_Student" duration-ms="51941" started-at="2016-11-02T10:00:02Z" finished-at="2016-11-02T10:00:54Z">
          <reporter-output>
          </reporter-output>
        </test-method> <!-- OpenTableView_for_PerformtGroup_C_Student -->
        <test-method status="PASS" signature="Check_validationmessage_unselectall()[pri:4, instance:Testcases.TableViewTest@6db9f5a4]" name="Check_validationmessage_unselectall" duration-ms="46682" started-at="2016-11-02T10:00:54Z" finished-at="2016-11-02T10:01:41Z">
          <reporter-output>
          </reporter-output>
        </test-method> <!-- Check_validationmessage_unselectall -->
        <test-method status="PASS" signature="check_selectAllbtn()[pri:5, instance:Testcases.TableViewTest@6db9f5a4]" name="check_selectAllbtn" duration-ms="47290" started-at="2016-11-02T10:01:41Z" finished-at="2016-11-02T10:02:28Z">
          <reporter-output>
          </reporter-output>
        </test-method> <!-- check_selectAllbtn -->
        <test-method status="PASS" signature="Open_RadialView_FromTablepage()[pri:6, instance:Testcases.TableViewTest@6db9f5a4]" name="Open_RadialView_FromTablepage" duration-ms="32403" started-at="2016-11-02T10:02:28Z" finished-at="2016-11-02T10:03:00Z">
          <reporter-output>
          </reporter-output>
        </test-method> <!-- Open_RadialView_FromTablepage -->
        <test-method status="PASS" signature="Open_Module_Table()[pri:7, instance:Testcases.TableViewTest@6db9f5a4]" name="Open_Module_Table" duration-ms="40419" started-at="2016-11-02T10:03:00Z" finished-at="2016-11-02T10:03:41Z">
          <reporter-output>
          </reporter-output>
        </test-method> <!-- Open_Module_Table -->
        <test-method status="PASS" signature="Close_Test()[pri:0, instance:Testcases.TableViewTest@6db9f5a4]" name="Close_Test" is-config="true" duration-ms="0" started-at="2016-11-02T10:03:41Z" finished-at="2016-11-02T10:03:41Z">
          <reporter-output>
          </reporter-output>
        </test-method> <!-- Close_Test -->
      </class> <!-- Testcases.TableViewTest -->
    </test> <!--  Execute Table view test cases -->
    <test name=" Execute Administration page test cases" duration-ms="331394" started-at="2016-11-02T04:35:07Z" finished-at="2016-11-02T04:40:38Z">
      <class name="Testcases.AdministrationTest">
        <test-method status="PASS" signature="configure()[pri:0, instance:Testcases.AdministrationTest@6e509ffa]" name="configure" is-config="true" duration-ms="84" started-at="2016-11-02T10:05:07Z" finished-at="2016-11-02T10:05:07Z">
          <reporter-output>
          </reporter-output>
        </test-method> <!-- configure -->
        <test-method status="PASS" signature="NavigatetoAdministrationPage()[pri:1, instance:Testcases.AdministrationTest@6e509ffa]" name="NavigatetoAdministrationPage" duration-ms="25069" started-at="2016-11-02T10:05:07Z" finished-at="2016-11-02T10:05:32Z">
          <reporter-output>
          </reporter-output>
        </test-method> <!-- NavigatetoAdministrationPage -->
        <test-method status="PASS" signature="NavigatetoAddStudents()[pri:2, instance:Testcases.AdministrationTest@6e509ffa]" name="NavigatetoAddStudents" duration-ms="5666" started-at="2016-11-02T10:05:32Z" finished-at="2016-11-02T10:05:38Z">
          <reporter-output>
          </reporter-output>
        </test-method> <!-- NavigatetoAddStudents -->
        <test-method status="PASS" signature="NavigattoArchivedStudents()[pri:3, instance:Testcases.AdministrationTest@6e509ffa]" name="NavigattoArchivedStudents" duration-ms="29851" started-at="2016-11-02T10:05:38Z" finished-at="2016-11-02T10:06:08Z">
          <reporter-output>
          </reporter-output>
        </test-method> <!-- NavigattoArchivedStudents -->
        <test-method status="PASS" signature="NavigateToEditStudent()[pri:4, instance:Testcases.AdministrationTest@6e509ffa]" name="NavigateToEditStudent" duration-ms="32572" started-at="2016-11-02T10:06:08Z" finished-at="2016-11-02T10:06:40Z">
          <reporter-output>
          </reporter-output>
        </test-method> <!-- NavigateToEditStudent -->
        <test-method status="PASS" signature="OPenGroupAStudentList()[pri:5, instance:Testcases.AdministrationTest@6e509ffa]" name="OPenGroupAStudentList" duration-ms="28574" started-at="2016-11-02T10:06:40Z" finished-at="2016-11-02T10:07:09Z">
          <reporter-output>
          </reporter-output>
        </test-method> <!-- OPenGroupAStudentList -->
        <test-method status="PASS" signature="OPenGroupBStudentList()[pri:6, instance:Testcases.AdministrationTest@6e509ffa]" name="OPenGroupBStudentList" duration-ms="7902" started-at="2016-11-02T10:07:09Z" finished-at="2016-11-02T10:07:17Z">
          <reporter-output>
          </reporter-output>
        </test-method> <!-- OPenGroupBStudentList -->
        <test-method status="PASS" signature="OPenGroupCStudentList()[pri:7, instance:Testcases.AdministrationTest@6e509ffa]" name="OPenGroupCStudentList" duration-ms="7959" started-at="2016-11-02T10:07:17Z" finished-at="2016-11-02T10:07:25Z">
          <reporter-output>
          </reporter-output>
        </test-method> <!-- OPenGroupCStudentList -->
        <test-method status="PASS" signature="SendEmail()[pri:8, instance:Testcases.AdministrationTest@6e509ffa]" name="SendEmail" duration-ms="40878" started-at="2016-11-02T10:07:25Z" finished-at="2016-11-02T10:08:05Z">
          <reporter-output>
          </reporter-output>
        </test-method> <!-- SendEmail -->
        <test-method status="PASS" signature="ArchiveStudent()[pri:9, instance:Testcases.AdministrationTest@6e509ffa]" name="ArchiveStudent" duration-ms="54032" started-at="2016-11-02T10:08:05Z" finished-at="2016-11-02T10:08:59Z">
          <reporter-output>
          </reporter-output>
        </test-method> <!-- ArchiveStudent -->
        <test-method status="PASS" signature="UnArchiveStudent()[pri:10, instance:Testcases.AdministrationTest@6e509ffa]" name="UnArchiveStudent" duration-ms="53162" started-at="2016-11-02T10:08:59Z" finished-at="2016-11-02T10:09:53Z">
          <reporter-output>
          </reporter-output>
        </test-method> <!-- UnArchiveStudent -->
        <test-method status="PASS" signature="NavigateToSUbgroup()[pri:12, instance:Testcases.AdministrationTest@6e509ffa]" name="NavigateToSUbgroup" duration-ms="45637" started-at="2016-11-02T10:09:53Z" finished-at="2016-11-02T10:10:38Z">
          <reporter-output>
          </reporter-output>
        </test-method> <!-- NavigateToSUbgroup -->
        <test-method status="PASS" signature="teardown()[pri:0, instance:Testcases.AdministrationTest@6e509ffa]" name="teardown" is-config="true" duration-ms="1" started-at="2016-11-02T10:10:38Z" finished-at="2016-11-02T10:10:38Z">
          <reporter-output>
          </reporter-output>
        </test-method> <!-- teardown -->
      </class> <!-- Testcases.AdministrationTest -->
    </test> <!--  Execute Administration page test cases -->
    <test name=" Execute RunReport page test cases" duration-ms="128365" started-at="2016-11-02T04:40:38Z" finished-at="2016-11-02T04:42:47Z">
      <class name="Testcases.RunReportTest">
        <test-method status="PASS" signature="configure()[pri:0, instance:Testcases.RunReportTest@313b2ea6]" name="configure" is-config="true" duration-ms="10" started-at="2016-11-02T10:10:38Z" finished-at="2016-11-02T10:10:38Z">
          <reporter-output>
          </reporter-output>
        </test-method> <!-- configure -->
        <test-method status="PASS" signature="NavigateTo_RunReportsPage()[pri:1, instance:Testcases.RunReportTest@313b2ea6]" name="NavigateTo_RunReportsPage" duration-ms="25204" started-at="2016-11-02T10:10:38Z" finished-at="2016-11-02T10:11:04Z">
          <reporter-output>
          </reporter-output>
        </test-method> <!-- NavigateTo_RunReportsPage -->
        <test-method status="PASS" signature="RunReports_OpenPerformanceGroupA()[pri:2, instance:Testcases.RunReportTest@313b2ea6]" name="RunReports_OpenPerformanceGroupA" duration-ms="31095" started-at="2016-11-02T10:11:04Z" finished-at="2016-11-02T10:11:35Z">
          <reporter-output>
          </reporter-output>
        </test-method> <!-- RunReports_OpenPerformanceGroupA -->
        <test-method status="PASS" signature="RunReports_OpenPerformanceGroupB()[pri:3, instance:Testcases.RunReportTest@313b2ea6]" name="RunReports_OpenPerformanceGroupB" duration-ms="7138" started-at="2016-11-02T10:11:35Z" finished-at="2016-11-02T10:11:42Z">
          <reporter-output>
          </reporter-output>
        </test-method> <!-- RunReports_OpenPerformanceGroupB -->
        <test-method status="PASS" signature="RunReports_OpenPerformanceGroupC()[pri:4, instance:Testcases.RunReportTest@313b2ea6]" name="RunReports_OpenPerformanceGroupC" duration-ms="7449" started-at="2016-11-02T10:11:42Z" finished-at="2016-11-02T10:11:49Z">
          <reporter-output>
          </reporter-output>
        </test-method> <!-- RunReports_OpenPerformanceGroupC -->
        <test-method status="PASS" signature="ValidationMessage_for_NOModules_selected()[pri:5, instance:Testcases.RunReportTest@313b2ea6]" name="ValidationMessage_for_NOModules_selected" duration-ms="25451" started-at="2016-11-02T10:11:49Z" finished-at="2016-11-02T10:12:15Z">
          <reporter-output>
          </reporter-output>
        </test-method> <!-- ValidationMessage_for_NOModules_selected -->
        <test-method status="PASS" signature="ValidationMessage_for_NOstudentselected()[pri:5, instance:Testcases.RunReportTest@313b2ea6]" name="ValidationMessage_for_NOstudentselected" duration-ms="29562" started-at="2016-11-02T10:12:15Z" finished-at="2016-11-02T10:12:44Z">
          <reporter-output>
          </reporter-output>
        </test-method> <!-- ValidationMessage_for_NOstudentselected -->
        <test-method status="PASS" signature="teardown()[pri:0, instance:Testcases.RunReportTest@313b2ea6]" name="teardown" is-config="true" duration-ms="2451" started-at="2016-11-02T10:12:44Z" finished-at="2016-11-02T10:12:47Z">
          <reporter-output>
          </reporter-output>
        </test-method> <!-- teardown -->
      </class> <!-- Testcases.RunReportTest -->
    </test> <!--  Execute RunReport page test cases -->
  </suite> <!-- Smoke -->
</testng-results>
