<?xml version="1.0" encoding="UTF-8"?>
<!-- Generated by org.testng.reporters.JUnitXMLReporter -->
<testsuite hostname="LAPTOP-24H1DPQU" name=" Execute Radial view test cases" tests="11" failures="0" timestamp="2 Nov 2016 04:28:28 GMT" time="261.427" errors="0">
  <testcase name="OpencirculerList_for_PerformtGroup_A_Student" time="29.859" classname="Testcases.RadialViewTest"/>
  <testcase name="OpencirculerList_for_PerformtGroup_B_Student" time="28.631" classname="Testcases.RadialViewTest"/>
  <testcase name="OpencirculerList_for_PerformtGroup_C_Student" time="34.16" classname="Testcases.RadialViewTest"/>
  <testcase name="Check_validationmessage_unselectall" time="33.008" classname="Testcases.RadialViewTest"/>
  <testcase name="check_selectAllbtn" time="32.357" classname="Testcases.RadialViewTest"/>
  <testcase name="Open_TableView_FromRadialpage" time="33.704" classname="Testcases.RadialViewTest"/>
  <testcase name="Open_Modulespage_RadialView" time="29.923" classname="Testcases.Modulespage_RadialView"/>
  <testcase name="Check_validationmessage_unselectall" time="5.43" classname="Testcases.Modulespage_RadialView"/>
  <testcase name="check_selectAllbtn" time="8.736" classname="Testcases.Modulespage_RadialView"/>
  <testcase name="Open_Modulespage_ForSelectedStudent" time="7.909" classname="Testcases.Modulespage_RadialView"/>
  <testcase name="Open_TableView_FromModulespage" time="17.684" classname="Testcases.Modulespage_RadialView"/>
</testsuite> <!--  Execute Radial view test cases -->
