<?xml version="1.0" encoding="UTF-8"?>
<!-- Generated by org.testng.reporters.JUnitXMLReporter -->
<testsuite hostname="LAPTOP-24H1DPQU" name=" Execute Administration page test cases" tests="11" failures="0" timestamp="2 Nov 2016 04:40:38 GMT" time="331.394" errors="0">
  <testcase name="NavigatetoAdministrationPage" time="25.069" classname="Testcases.AdministrationTest"/>
  <testcase name="NavigatetoAddStudents" time="5.666" classname="Testcases.AdministrationTest"/>
  <testcase name="NavigattoArchivedStudents" time="29.851" classname="Testcases.AdministrationTest"/>
  <testcase name="NavigateToEditStudent" time="32.572" classname="Testcases.AdministrationTest"/>
  <testcase name="OPenGroupAStudentList" time="28.574" classname="Testcases.AdministrationTest"/>
  <testcase name="OPenGroupBStudentList" time="7.902" classname="Testcases.AdministrationTest"/>
  <testcase name="OPenGroupCStudentList" time="7.959" classname="Testcases.AdministrationTest"/>
  <testcase name="SendEmail" time="40.878" classname="Testcases.AdministrationTest"/>
  <testcase name="ArchiveStudent" time="54.032" classname="Testcases.AdministrationTest"/>
  <testcase name="UnArchiveStudent" time="53.162" classname="Testcases.AdministrationTest"/>
  <testcase name="NavigateToSUbgroup" time="45.637" classname="Testcases.AdministrationTest"/>
</testsuite> <!--  Execute Administration page test cases -->
