<?xml version="1.0" encoding="UTF-8"?>
<!-- Generated by org.testng.reporters.JUnitXMLReporter -->
<testsuite hostname="LAPTOP-24H1DPQU" name=" Execute Table view test cases" tests="12" failures="0" timestamp="2 Nov 2016 04:35:07 GMT" time="398.412" errors="0">
  <testcase name="OpenTableView_for_PerformtGroup_A_Student" time="49.163" classname="Testcases.TableViewTest"/>
  <testcase name="OpenTableView_for_PerformtGroup_B_Student" time="44.561" classname="Testcases.TableViewTest"/>
  <testcase name="OpenTableView_for_PerformtGroup_C_Student" time="51.941" classname="Testcases.TableViewTest"/>
  <testcase name="Check_validationmessage_unselectall" time="46.682" classname="Testcases.TableViewTest"/>
  <testcase name="check_selectAllbtn" time="47.29" classname="Testcases.TableViewTest"/>
  <testcase name="Open_RadialView_FromTablepage" time="32.403" classname="Testcases.TableViewTest"/>
  <testcase name="Open_Module_Table" time="40.419" classname="Testcases.TableViewTest"/>
  <testcase name="Open_Modulespage_TableView" time="44.64" classname="Testcases.Modulespage_TableView"/>
  <testcase name="Check_validationmessage_unselectall" time="5.657" classname="Testcases.Modulespage_TableView"/>
  <testcase name="check_selectAllbtn" time="8.478" classname="Testcases.Modulespage_TableView"/>
  <testcase name="Open_Modulespage_ForSelectedStudent" time="9.342" classname="Testcases.Modulespage_TableView"/>
  <testcase name="Open_RadialView_FromModulespage" time="17.81" classname="Testcases.Modulespage_TableView"/>
</testsuite> <!--  Execute Table view test cases -->
