<?xml version="1.0" encoding="UTF-8"?>
<!-- Generated by org.testng.reporters.JUnitXMLReporter -->
<testsuite hostname="LAPTOP-24H1DPQU" name=" Execute retest test cases" tests="14" failures="0" timestamp="2 Nov 2016 04:24:07 GMT" time="227.551" errors="0">
  <testcase name="ValidLoginToSonosm" time="25.317" classname="Testcases.LoginTest"/>
  <testcase name="InvalidloginToSonosim" time="15.536" classname="Testcases.LoginTest"/>
  <testcase name="Open_PerformanceGroup_A" time="19.952" classname="Testcases.GroupselectTest"/>
  <testcase name="Open_PerformanceGroup_B" time="12.522" classname="Testcases.GroupselectTest"/>
  <testcase name="Open_PerformanceGroup_C" time="12.893" classname="Testcases.GroupselectTest"/>
  <testcase name="OpenRadialView" time="30.877" classname="Testcases.HomeTest"/>
  <testcase name="OpenTableView" time="8.105" classname="Testcases.HomeTest"/>
  <testcase name="OpenReportPage" time="5.98" classname="Testcases.HomeTest"/>
  <testcase name="OpenAdminPage" time="6.346" classname="Testcases.HomeTest"/>
  <testcase name="Opengroupselctpage" time="6.778" classname="Testcases.HomeTest"/>
  <testcase name="open_homepage_fromdropdown" time="6.716" classname="Testcases.HomeTest"/>
  <testcase name="open_Administrationpage_fromdropdown" time="6.855" classname="Testcases.HomeTest"/>
  <testcase name="open_ReportDownloadpage_fromdropdown" time="6.14" classname="Testcases.HomeTest"/>
  <testcase name="Logout_link_frmdropdown" time="13.768" classname="Testcases.HomeTest"/>
</testsuite> <!--  Execute retest test cases -->
