<?xml version="1.0" encoding="UTF-8"?>
<!-- Generated by org.testng.reporters.JUnitXMLReporter -->
<testsuite hostname="Santosh" name=" Execute smoke11 test cases" tests="3" failures="1" timestamp="2 Sep 2016 10:40:01 GMT" time="0.106" errors="0">
  <testcase name="@AfterMethod start" time="0.0" classname="Testcases.GroupselectTest">
    <failure type="org.openqa.selenium.remote.SessionNotFoundException" message="The FirefoxDriver cannot be used after quit() was called.
Build info: version: &amp;apos;2.53.0&amp;apos;, revision: &amp;apos;35ae25b&amp;apos;, time: &amp;apos;2016-03-15 16:57:40&amp;apos;
System info: host: &amp;apos;Santosh&amp;apos;, ip: &amp;apos;192.168.1.16&amp;apos;, os.name: &amp;apos;Windows 8.1&amp;apos;, os.arch: &amp;apos;amd64&amp;apos;, os.version: &amp;apos;6.3&amp;apos;, java.version: &amp;apos;1.8.0_45&amp;apos;
Driver info: driver.version: FirefoxDriver">
      <![CDATA[org.openqa.selenium.remote.SessionNotFoundException: The FirefoxDriver cannot be used after quit() was called.
Build info: version: '2.53.0', revision: '35ae25b', time: '2016-03-15 16:57:40'
System info: host: 'Santosh', ip: '192.168.1.16', os.name: 'Windows 8.1', os.arch: 'amd64', os.version: '6.3', java.version: '1.8.0_45'
Driver info: driver.version: FirefoxDriver
	at org.openqa.selenium.firefox.FirefoxDriver$LazyCommandExecutor.execute(FirefoxDriver.java:377)
	at org.openqa.selenium.remote.RemoteWebDriver.execute(RemoteWebDriver.java:644)
	at org.openqa.selenium.firefox.FirefoxDriver.access$0(FirefoxDriver.java:1)
	at org.openqa.selenium.firefox.FirefoxDriver$1$1.implicitlyWait(FirefoxDriver.java:244)
	at UtilityFiles.Webdrivercommonlib.waitForPageToLoad(Webdrivercommonlib.java:37)
	at Testcases.GroupselectTest.start(GroupselectTest.java:107)
... Removed 26 stack frames]]>
    </failure>
  </testcase> <!-- @AfterMethod start -->
  <testcase name="@AfterMethod start" time="0.0" classname="Testcases.GroupselectTest">
    <skipped/>
  </testcase> <!-- @AfterMethod start -->
  <testcase name="@AfterMethod start" time="0.0" classname="Testcases.GroupselectTest">
    <skipped/>
  </testcase> <!-- @AfterMethod start -->
  <testcase name="Open_PerformanceGroup_A" time="0.001" classname="Testcases.GroupselectTest">
    <failure type="org.openqa.selenium.remote.SessionNotFoundException" message="The FirefoxDriver cannot be used after quit() was called.
Build info: version: &amp;apos;2.53.0&amp;apos;, revision: &amp;apos;35ae25b&amp;apos;, time: &amp;apos;2016-03-15 16:57:40&amp;apos;
System info: host: &amp;apos;Santosh&amp;apos;, ip: &amp;apos;192.168.1.16&amp;apos;, os.name: &amp;apos;Windows 8.1&amp;apos;, os.arch: &amp;apos;amd64&amp;apos;, os.version: &amp;apos;6.3&amp;apos;, java.version: &amp;apos;1.8.0_45&amp;apos;
Driver info: driver.version: RemoteWebDriver">
      <![CDATA[org.openqa.selenium.remote.SessionNotFoundException: The FirefoxDriver cannot be used after quit() was called.
Build info: version: '2.53.0', revision: '35ae25b', time: '2016-03-15 16:57:40'
System info: host: 'Santosh', ip: '192.168.1.16', os.name: 'Windows 8.1', os.arch: 'amd64', os.version: '6.3', java.version: '1.8.0_45'
Driver info: driver.version: RemoteWebDriver
	at org.openqa.selenium.firefox.FirefoxDriver$LazyCommandExecutor.execute(FirefoxDriver.java:377)
	at org.openqa.selenium.remote.RemoteWebDriver.execute(RemoteWebDriver.java:644)
	at org.openqa.selenium.remote.RemoteWebDriver.get(RemoteWebDriver.java:316)
	at Pages.loginpage.LoginToSonosim(loginpage.java:21)
	at Testcases.GroupselectTest.Open_PerformanceGroup_A(GroupselectTest.java:48)
... Removed 24 stack frames]]>
    </failure>
  </testcase> <!-- Open_PerformanceGroup_A -->
  <testcase name="Open_PerformanceGroup_B" time="0.001" classname="Testcases.GroupselectTest">
    <skipped/>
  </testcase> <!-- Open_PerformanceGroup_B -->
  <testcase name="Open_PerformanceGroup_C" time="0.001" classname="Testcases.GroupselectTest">
    <skipped/>
  </testcase> <!-- Open_PerformanceGroup_C -->
</testsuite> <!--  Execute smoke11 test cases -->
