<?xml version="1.0" encoding="UTF-8"?>
<!-- Generated by org.testng.reporters.JUnitXMLReporter -->
<testsuite hostname="Santosh" name=" Execute Administration page test cases" tests="19" failures="0" timestamp="14 Oct 2016 06:22:41 GMT" time="399.233" errors="0">
  <testcase name="NavigatetoAdministrationPage" time="19.823" classname="Testcases.AdministrationTest"/>
  <testcase name="NavigatetoAddStudents" time="3.645" classname="Testcases.AdministrationTest"/>
  <testcase name="NavigattoArchivedStudents" time="22.311" classname="Testcases.AdministrationTest"/>
  <testcase name="NavigateToEditStudent" time="27.119" classname="Testcases.AdministrationTest"/>
  <testcase name="OPenGroupAStudentList" time="19.293" classname="Testcases.AdministrationTest"/>
  <testcase name="OPenGroupBStudentList" time="4.878" classname="Testcases.AdministrationTest"/>
  <testcase name="OPenGroupCStudentList" time="5.904" classname="Testcases.AdministrationTest"/>
  <testcase name="SendEmail" time="26.267" classname="Testcases.AdministrationTest"/>
  <testcase name="ArchiveStudent" time="39.066" classname="Testcases.AdministrationTest"/>
  <testcase name="UnArchiveStudent" time="36.818" classname="Testcases.AdministrationTest"/>
  <testcase name="NavigateToSUbgroup" time="35.345" classname="Testcases.AdministrationTest"/>
  <testcase name="NavigatetoAddStudents" time="22.357" classname="Testcases.AddStudentTest"/>
  <testcase name="CheckValidationsEmptyFields" time="71.693" classname="Testcases.AddStudentTest"/>
  <testcase name="CheckValidationDuplicateStudentName" time="7.49" classname="Testcases.AddStudentTest"/>
  <testcase name="AddNewStudentRecord" time="0.0" classname="Testcases.AddStudentTest"/>
  <testcase name="NavigateToEditStudent" time="36.224" classname="Testcases.EditStudentTest"/>
  <testcase name="CheckValidationsForEmptyFields" time="4.236" classname="Testcases.EditStudentTest"/>
  <testcase name="UpdateSelectedUser" time="9.847" classname="Testcases.EditStudentTest"/>
  <testcase name="CheckAdministrationCheckbox" time="6.76" classname="Testcases.EditStudentTest"/>
</testsuite> <!--  Execute Administration page test cases -->
