<?xml version="1.0" encoding="UTF-8"?>
<!-- Generated by org.testng.reporters.JUnitXMLReporter -->
<testsuite hostname="Santosh" name=" Execute Radial view test cases" tests="13" failures="0" timestamp="14 Oct 2016 06:11:20 GMT" time="1537.327" errors="0">
  <testcase name="OpencirculerList_for_PerformtGroup_A_Student" time="23.76" classname="Testcases.RadialViewTest"/>
  <testcase name="OpencirculerList_for_PerformtGroup_B_Student" time="1340.123" classname="Testcases.RadialViewTest"/>
  <testcase name="OpencirculerList_for_PerformtGroup_C_Student" time="32.587" classname="Testcases.RadialViewTest"/>
  <testcase name="Check_validationmessage_unselectall" time="19.632" classname="Testcases.RadialViewTest"/>
  <testcase name="check_selectAllbtn" time="19.563" classname="Testcases.RadialViewTest"/>
  <testcase name="Open_TableView_FromRadialpage" time="23.568" classname="Testcases.RadialViewTest"/>
  <testcase name="Totalstudentcount" time="20.751" classname="Testcases.RadialViewTest"/>
  <testcase name="TotalModulescount" time="21.064" classname="Testcases.RadialViewTest"/>
  <testcase name="Open_Modulespage_RadialView" time="21.794" classname="Testcases.Modulespage_RadialView"/>
  <testcase name="Check_validationmessage_unselectall" time="2.014" classname="Testcases.Modulespage_RadialView"/>
  <testcase name="check_selectAllbtn" time="2.362" classname="Testcases.Modulespage_RadialView"/>
  <testcase name="Open_Modulespage_ForSelectedStudent" time="2.024" classname="Testcases.Modulespage_RadialView"/>
  <testcase name="Open_TableView_FromModulespage" time="7.999" classname="Testcases.Modulespage_RadialView"/>
</testsuite> <!--  Execute Radial view test cases -->
