<?xml version="1.0" encoding="UTF-8"?>
<!-- Generated by org.testng.reporters.JUnitXMLReporter -->
<testsuite hostname="Santosh" name=" Execute Table view test cases" tests="14" failures="0" timestamp="14 Oct 2016 06:16:02 GMT" time="281.189" errors="0">
  <testcase name="OpenTableView_for_PerformtGroup_A_Student" time="29.43" classname="Testcases.TableViewTest"/>
  <testcase name="OpenTableView_for_PerformtGroup_B_Student" time="31.263" classname="Testcases.TableViewTest"/>
  <testcase name="OpenTableView_for_PerformtGroup_C_Student" time="26.824" classname="Testcases.TableViewTest"/>
  <testcase name="Check_validationmessage_unselectall" time="25.64" classname="Testcases.TableViewTest"/>
  <testcase name="check_selectAllbtn" time="27.027" classname="Testcases.TableViewTest"/>
  <testcase name="Open_RadialView_FromTablepage" time="23.521" classname="Testcases.TableViewTest"/>
  <testcase name="Open_Module_Table" time="24.281" classname="Testcases.TableViewTest"/>
  <testcase name="TotalModulesCount" time="25.915" classname="Testcases.TableViewTest"/>
  <testcase name="Totalstudentcount" time="24.753" classname="Testcases.TableViewTest"/>
  <testcase name="Open_Modulespage_TableView" time="25.391" classname="Testcases.Modulespage_TableView"/>
  <testcase name="Check_validationmessage_unselectall" time="1.966" classname="Testcases.Modulespage_TableView"/>
  <testcase name="check_selectAllbtn" time="3.332" classname="Testcases.Modulespage_TableView"/>
  <testcase name="Open_Modulespage_ForSelectedStudent" time="3.641" classname="Testcases.Modulespage_TableView"/>
  <testcase name="Open_RadialView_FromModulespage" time="8.153" classname="Testcases.Modulespage_TableView"/>
</testsuite> <!--  Execute Table view test cases -->
