<?xml version="1.0" encoding="UTF-8"?>
<!-- Generated by org.testng.reporters.JUnitXMLReporter -->
<testsuite hostname="Santosh" name=" Execute RunReport page test cases" tests="6" failures="0" timestamp="14 Oct 2016 06:24:24 GMT" time="103.311" errors="0">
  <testcase name="NavigateTo_RunReportsPage" time="19.323" classname="Testcases.RunReportTest"/>
  <testcase name="RunReports_OpenPerformanceGroupA" time="23.069" classname="Testcases.RunReportTest"/>
  <testcase name="RunReports_OpenPerformanceGroupB" time="4.751" classname="Testcases.RunReportTest"/>
  <testcase name="RunReports_OpenPerformanceGroupC" time="5.376" classname="Testcases.RunReportTest"/>
  <testcase name="ValidationMessage_for_NOModules_selected" time="21.804" classname="Testcases.RunReportTest"/>
  <testcase name="ValidationMessage_for_NOstudentselected" time="23.61" classname="Testcases.RunReportTest"/>
</testsuite> <!--  Execute RunReport page test cases -->
