<?xml version="1.0" encoding="UTF-8"?>
<!-- Generated by org.testng.reporters.JUnitXMLReporter -->
<testsuite hostname="Santosh" name=" Execute retest test cases" tests="14" failures="0" timestamp="14 Oct 2016 05:45:43 GMT" time="164.7" errors="0">
  <testcase name="ValidLoginToSonosm" time="27.072" classname="Testcases.LoginTest"/>
  <testcase name="InvalidloginToSonosim" time="12.9" classname="Testcases.LoginTest"/>
  <testcase name="Open_PerformanceGroup_A" time="15.765" classname="Testcases.GroupselectTest"/>
  <testcase name="Open_PerformanceGroup_B" time="7.175" classname="Testcases.GroupselectTest"/>
  <testcase name="Open_PerformanceGroup_C" time="7.338" classname="Testcases.GroupselectTest"/>
  <testcase name="OpenRadialView" time="19.635" classname="Testcases.HomeTest"/>
  <testcase name="OpenTableView" time="5.422" classname="Testcases.HomeTest"/>
  <testcase name="OpenReportPage" time="3.395" classname="Testcases.HomeTest"/>
  <testcase name="OpenAdminPage" time="3.544" classname="Testcases.HomeTest"/>
  <testcase name="Opengroupselctpage" time="2.98" classname="Testcases.HomeTest"/>
  <testcase name="open_homepage_fromdropdown" time="3.528" classname="Testcases.HomeTest"/>
  <testcase name="open_Administrationpage_fromdropdown" time="3.366" classname="Testcases.HomeTest"/>
  <testcase name="open_ReportDownloadpage_fromdropdown" time="3.851" classname="Testcases.HomeTest"/>
  <testcase name="Logout_link_frmdropdown" time="10.267" classname="Testcases.HomeTest"/>
</testsuite> <!--  Execute retest test cases -->
