<?xml version="1.0" encoding="UTF-8"?>
<!-- Generated by org.testng.reporters.JUnitXMLReporter -->
<testsuite hostname="Santosh" name=" Execute regresiion test cases" tests="18" failures="18" timestamp="21 Sep 2016 07:29:55 GMT" time="0.04" errors="0">
  <testcase name="OpencirculerList_for_PerformtGroup_A_Student" time="0.002" classname="Testcases.RadialViewTest">
    <failure type="java.lang.NullPointerException">
      <![CDATA[java.lang.NullPointerException
	at Testcases.RadialViewTest.OpencirculerList_for_PerformtGroup_A_Student(RadialViewTest.java:58)
... Removed 24 stack frames]]>
    </failure>
  </testcase> <!-- OpencirculerList_for_PerformtGroup_A_Student -->
  <testcase name="OpencirculerList_for_PerformtGroup_B_Student" time="0.01" classname="Testcases.RadialViewTest">
    <failure type="java.lang.NullPointerException">
      <![CDATA[java.lang.NullPointerException
	at Testcases.RadialViewTest.OpencirculerList_for_PerformtGroup_B_Student(RadialViewTest.java:93)
... Removed 24 stack frames]]>
    </failure>
  </testcase> <!-- OpencirculerList_for_PerformtGroup_B_Student -->
  <testcase name="OpencirculerList_for_PerformtGroup_C_Student" time="0.0" classname="Testcases.RadialViewTest">
    <failure type="java.lang.NullPointerException">
      <![CDATA[java.lang.NullPointerException
	at Testcases.RadialViewTest.OpencirculerList_for_PerformtGroup_C_Student(RadialViewTest.java:119)
... Removed 24 stack frames]]>
    </failure>
  </testcase> <!-- OpencirculerList_for_PerformtGroup_C_Student -->
  <testcase name="Check_validationmessage_unselectall" time="0.0" classname="Testcases.RadialViewTest">
    <failure type="java.lang.NullPointerException">
      <![CDATA[java.lang.NullPointerException
	at Testcases.RadialViewTest.Check_validationmessage_unselectall(RadialViewTest.java:147)
... Removed 24 stack frames]]>
    </failure>
  </testcase> <!-- Check_validationmessage_unselectall -->
  <testcase name="check_selectAllbtn" time="0.001" classname="Testcases.RadialViewTest">
    <failure type="java.lang.NullPointerException">
      <![CDATA[java.lang.NullPointerException
	at Testcases.RadialViewTest.check_selectAllbtn(RadialViewTest.java:180)
... Removed 24 stack frames]]>
    </failure>
  </testcase> <!-- check_selectAllbtn -->
  <testcase name="Open_TableView_FromRadialpage" time="0.0" classname="Testcases.RadialViewTest">
    <failure type="java.lang.NullPointerException">
      <![CDATA[java.lang.NullPointerException
	at Testcases.RadialViewTest.Open_TableView_FromRadialpage(RadialViewTest.java:214)
... Removed 24 stack frames]]>
    </failure>
  </testcase> <!-- Open_TableView_FromRadialpage -->
  <testcase name="Open_Radial_Table" time="0.001" classname="Testcases.RadialViewTest">
    <failure type="java.lang.NullPointerException">
      <![CDATA[java.lang.NullPointerException
	at Testcases.RadialViewTest.Open_Radial_Table(RadialViewTest.java:237)
... Removed 24 stack frames]]>
    </failure>
  </testcase> <!-- Open_Radial_Table -->
  <testcase name="Totalstudentcount" time="0.001" classname="Testcases.RadialViewTest">
    <failure type="java.lang.NullPointerException">
      <![CDATA[java.lang.NullPointerException
	at Testcases.RadialViewTest.Totalstudentcount(RadialViewTest.java:260)
... Removed 24 stack frames]]>
    </failure>
  </testcase> <!-- Totalstudentcount -->
  <testcase name="TotalModulescount" time="0.001" classname="Testcases.RadialViewTest">
    <failure type="java.lang.NullPointerException">
      <![CDATA[java.lang.NullPointerException
	at Testcases.RadialViewTest.TotalModulescount(RadialViewTest.java:292)
... Removed 24 stack frames]]>
    </failure>
  </testcase> <!-- TotalModulescount -->
  <testcase name="OpenTableView_for_PerformtGroup_A_Student" time="0.001" classname="Testcases.TableViewTest">
    <failure type="java.lang.NullPointerException">
      <![CDATA[java.lang.NullPointerException
	at Testcases.TableViewTest.OpenTableView_for_PerformtGroup_A_Student(TableViewTest.java:71)
... Removed 24 stack frames]]>
    </failure>
  </testcase> <!-- OpenTableView_for_PerformtGroup_A_Student -->
  <testcase name="OpenTableView_for_PerformtGroup_B_Student" time="0.001" classname="Testcases.TableViewTest">
    <failure type="java.lang.NullPointerException">
      <![CDATA[java.lang.NullPointerException
	at Testcases.TableViewTest.OpenTableView_for_PerformtGroup_B_Student(TableViewTest.java:108)
... Removed 24 stack frames]]>
    </failure>
  </testcase> <!-- OpenTableView_for_PerformtGroup_B_Student -->
  <testcase name="OpenTableView_for_PerformtGroup_C_Student" time="0.0" classname="Testcases.TableViewTest">
    <failure type="java.lang.NullPointerException">
      <![CDATA[java.lang.NullPointerException
	at Testcases.TableViewTest.OpenTableView_for_PerformtGroup_C_Student(TableViewTest.java:146)
... Removed 24 stack frames]]>
    </failure>
  </testcase> <!-- OpenTableView_for_PerformtGroup_C_Student -->
  <testcase name="Check_validationmessage_unselectall" time="0.001" classname="Testcases.TableViewTest">
    <failure type="java.lang.NullPointerException">
      <![CDATA[java.lang.NullPointerException
	at Testcases.TableViewTest.Check_validationmessage_unselectall(TableViewTest.java:186)
... Removed 24 stack frames]]>
    </failure>
  </testcase> <!-- Check_validationmessage_unselectall -->
  <testcase name="check_selectAllbtn" time="0.0" classname="Testcases.TableViewTest">
    <failure type="java.lang.NullPointerException">
      <![CDATA[java.lang.NullPointerException
	at Testcases.TableViewTest.check_selectAllbtn(TableViewTest.java:219)
... Removed 24 stack frames]]>
    </failure>
  </testcase> <!-- check_selectAllbtn -->
  <testcase name="Open_RadialView_FromTablepage" time="0.001" classname="Testcases.TableViewTest">
    <failure type="java.lang.NullPointerException">
      <![CDATA[java.lang.NullPointerException
	at Testcases.TableViewTest.Open_RadialView_FromTablepage(TableViewTest.java:253)
... Removed 24 stack frames]]>
    </failure>
  </testcase> <!-- Open_RadialView_FromTablepage -->
  <testcase name="Open_Module_Table" time="0.0" classname="Testcases.TableViewTest">
    <failure type="java.lang.NullPointerException">
      <![CDATA[java.lang.NullPointerException
	at Testcases.TableViewTest.Open_Module_Table(TableViewTest.java:278)
... Removed 24 stack frames]]>
    </failure>
  </testcase> <!-- Open_Module_Table -->
  <testcase name="TotalModulesCount" time="0.0" classname="Testcases.TableViewTest">
    <failure type="java.lang.NullPointerException">
      <![CDATA[java.lang.NullPointerException
	at Testcases.TableViewTest.TotalModulesCount(TableViewTest.java:302)
... Removed 24 stack frames]]>
    </failure>
  </testcase> <!-- TotalModulesCount -->
  <testcase name="Totalstudentcount" time="0.001" classname="Testcases.TableViewTest">
    <failure type="java.lang.NullPointerException">
      <![CDATA[java.lang.NullPointerException
	at Testcases.TableViewTest.Totalstudentcount(TableViewTest.java:339)
... Removed 24 stack frames]]>
    </failure>
  </testcase> <!-- Totalstudentcount -->
</testsuite> <!--  Execute regresiion test cases -->
